C51 COMPILER V9.01   DELAY                                                                 09/28/2019 21:24:16 PAGE 1   


C51 COMPILER V9.01, COMPILATION OF MODULE DELAY
OBJECT MODULE PLACED IN delay.obj
COMPILER INVOKED BY: D:\SoftwareInstalled\keil4\C51\BIN\C51.EXE Delay\delay.c BROWSE INCDIR(.\Delay;.\HCSR04;.\Motor;.\U
                    -art) DEBUG OBJECTEXTEND PRINT(.\delay.lst) OBJECT(delay.obj)

line level    source

   1          
   2          
   3          #include "delay.h"
   4          
   5          
   6          /*
   7          * us延时函数
   8          */
   9          void delay_us(unsigned int t)
  10          {
  11   1               t=t/10;
  12   1        while(--t);
  13   1      }
  14          
  15          
  16          /*
  17          * ms延时函数
  18          */
  19          void delay_ms(unsigned int t)
  20          {
  21   1              unsigned int i=0,j=0;
  22   1              for(i=0;i<t;i++) 
  23   1                      for(j=0;j<121;j++);
  24   1      }


MODULE INFORMATION:   STATIC OVERLAYABLE
   CODE SIZE        =     49    ----
   CONSTANT SIZE    =   ----    ----
   XDATA SIZE       =   ----    ----
   PDATA SIZE       =   ----    ----
   DATA SIZE        =   ----    ----
   IDATA SIZE       =   ----    ----
   BIT SIZE         =   ----    ----
END OF MODULE INFORMATION.


C51 COMPILATION COMPLETE.  0 WARNING(S),  0 ERROR(S)
