C51 COMPILER V9.01   DELAY                                                                 10/01/2019 21:25:10 PAGE 1   


C51 COMPILER V9.01, COMPILATION OF MODULE DELAY
OBJECT MODULE PLACED IN delay.obj
COMPILER INVOKED BY: D:\SoftwareInstalled\keil4\C51\BIN\C51.EXE Delay\delay.c BROWSE INCDIR(.\Delay;.\Motor;.\Uart) DEBU
                    -G OBJECTEXTEND PRINT(.\delay.lst) OBJECT(delay.obj)

line level    source

   1          #include "delay.h"
   2          void delay_us(unsigned int t)
   3          {
   4   1               t=t/10;
   5   1        while(--t);
   6   1      }
   7          
   8          void delay_ms(unsigned int t)
   9          {
  10   1              unsigned int i=0,j=0;
  11   1              for(i=0;i<t;i++) 
  12   1                      for(j=0;j<121;j++);
  13   1      }


MODULE INFORMATION:   STATIC OVERLAYABLE
   CODE SIZE        =     49    ----
   CONSTANT SIZE    =   ----    ----
   XDATA SIZE       =   ----    ----
   PDATA SIZE       =   ----    ----
   DATA SIZE        =   ----    ----
   IDATA SIZE       =   ----    ----
   BIT SIZE         =   ----    ----
END OF MODULE INFORMATION.


C51 COMPILATION COMPLETE.  0 WARNING(S),  0 ERROR(S)
